#-----------------------------------------------------------
# Vivado v2016.2 (64-bit)
# SW Build 1577090 on Thu Jun  2 16:32:40 MDT 2016
# IP Build 1577682 on Fri Jun  3 12:00:54 MDT 2016
# Start of session at: Sat Dec 28 00:38:19 2019
# Process ID: 4472
# Current directory: C:/Users/User/Desktop/binary_up_counter
# Command line: vivado.exe -gui_launcher_event rodinguilauncherevent8420 C:\Users\User\Desktop\binary_up_counter\binary_up_counter.xpr
# Log file: C:/Users/User/Desktop/binary_up_counter/vivado.log
# Journal file: C:/Users/User/Desktop/binary_up_counter\vivado.jou
#-----------------------------------------------------------
start_gui
open_project C:/Users/User/Desktop/binary_up_counter/binary_up_counter.xpr
Scanning sources...
Finished scanning sources
INFO: [IP_Flow 19-234] Refreshing IP repositories
INFO: [IP_Flow 19-1704] No user IP repositories specified
INFO: [IP_Flow 19-2313] Loaded Vivado IP repository 'C:/Xilinx/Vivado/2016.2/data/ip'.
update_compile_order -fileset sources_1
update_compile_order -fileset sim_1
update_compile_order -fileset sim_1
exit
INFO: [Common 17-206] Exiting Vivado at Sat Dec 28 01:25:29 2019...
